<?xml version="1.0" encoding="UTF-8"?>
<!-- Generated by org.testng.reporters.JUnitXMLReporter -->
<testsuite hostname="Vidya" ignored="4" name="Test" tests="5" failures="0" timestamp="10 Sep 2017 06:55:46 GMT" time="48.857" errors="0">
  <testcase name="testC" time="12.717" classname="test.DemoC"/>
  <testcase name="registerUser" time="0.003" classname="test.DemoA"/>
  <testcase name="registerUser" time="0.002" classname="test.DemoA"/>
  <testcase name="deleteAllUser" time="0.002" classname="test.DemoA"/>
  <testcase name="testB" time="0.002" classname="test.DemoB"/>
  <testcase name="@BeforeSuite start" time="0.0" classname="test.BaseTest">
    <ignored/>
  </testcase> <!-- @BeforeSuite start -->
  <testcase name="@BeforeTest ConnectDB" time="0.0" classname="test.BaseTest">
    <ignored/>
  </testcase> <!-- @BeforeTest ConnectDB -->
  <testcase name="@AfterSuite end" time="0.0" classname="test.BaseTest">
    <ignored/>
  </testcase> <!-- @AfterSuite end -->
  <testcase name="@AfterTest disconnectDB" time="0.0" classname="test.BaseTest">
    <ignored/>
  </testcase> <!-- @AfterTest disconnectDB -->
</testsuite> <!-- Test -->
